<?xml version="1.0" encoding="UTF-8"?>
<!-- Generated by org.testng.reporters.JUnitReportReporter -->
<testsuite skipped="0" hostname="LAPTOP-3DVNCV68" name="learnselenium.restassuredapiTest" tests="2" failures="0" timestamp="28 May 2020 09:18:00 GMT" time="0.007" errors="0">
  <testcase name="apiautomation" time="0.002" classname="learnselenium.restassuredapiTest"/>
  <testcase name="getresponse" time="0.005" classname="learnselenium.restassuredapiTest"/>
</testsuite> <!-- learnselenium.restassuredapiTest -->
