<?xml version="1.0" encoding="UTF-8"?>
<!-- Generated by org.testng.reporters.JUnitReportReporter -->
<testsuite hostname="LAPTOP-3DVNCV68" failures="0" tests="2" name="learnselenium.seleniumjava" time="0.056" errors="0" timestamp="22 Apr 2020 12:01:33 GMT" skipped="0">
  <testcase classname="learnselenium.seleniumjava" name="uitest" time="0.014"/>
  <testcase classname="learnselenium.seleniumjava" name="uilogin" time="0.042"/>
</testsuite> <!-- learnselenium.seleniumjava -->
