<?xml version="1.0" encoding="UTF-8"?>
<!-- Generated by org.testng.reporters.JUnitReportReporter -->
<testsuite hostname="LAPTOP-3DVNCV68" failures="0" tests="2" name="learnselenium.restassuredapi" time="0.023" errors="0" timestamp="22 Apr 2020 12:01:17 GMT" skipped="0">
  <testcase classname="learnselenium.restassuredapi" name="apiautomation" time="0.021"/>
  <testcase classname="learnselenium.restassuredapi" name="getresponse" time="0.002"/>
</testsuite> <!-- learnselenium.restassuredapi -->
