<?xml version="1.0" encoding="UTF-8"?>
<!-- Generated by org.testng.reporters.JUnitReportReporter -->
<testsuite hostname="LAPTOP-3DVNCV68" failures="0" tests="2" name="learnselenium.Appiumjava" time="0.025" errors="0" timestamp="22 Apr 2020 12:00:26 GMT" skipped="0">
  <testcase classname="learnselenium.Appiumjava" name="emulatortest" time="0.024"/>
  <testcase classname="learnselenium.Appiumjava" name="mobilelogin" time="0.001"/>
</testsuite> <!-- learnselenium.Appiumjava -->
