<?xml version="1.0" encoding="UTF-8"?>
<!-- Generated by org.testng.reporters.JUnitReportReporter -->
<testsuite skipped="0" hostname="LAPTOP-3DVNCV68" name="learnselenium.seleniumjavaTest" tests="2" failures="0" timestamp="28 May 2020 09:18:00 GMT" time="0.033" errors="0">
  <testcase name="uilogin" time="0.029" classname="learnselenium.seleniumjavaTest"/>
  <testcase name="uitest" time="0.004" classname="learnselenium.seleniumjavaTest"/>
</testsuite> <!-- learnselenium.seleniumjavaTest -->
