<?xml version="1.0" encoding="UTF-8"?>
<!-- Generated by org.testng.reporters.JUnitReportReporter -->
<testsuite skipped="0" hostname="LAPTOP-3DVNCV68" name="learnselenium.AppiumjavaTest" tests="2" failures="0" timestamp="2020-04-24T11:43:21 BST" time="0.000" errors="0">
  <testcase name="mobilelogin" time="0.000" classname="learnselenium.AppiumjavaTest"/>
  <system-out/>
  <testcase name="emulatortest" time="0.000" classname="learnselenium.AppiumjavaTest"/>
  <system-out/>
</testsuite> <!-- learnselenium.AppiumjavaTest -->
