<?xml version="1.0" encoding="UTF-8"?>
<!-- Generated by org.testng.reporters.JUnitReportReporter -->
<testsuite skipped="0" hostname="LAPTOP-3DVNCV68" name="learnselenium.restassuredapiTest" tests="2" failures="0" timestamp="2020-04-24T11:43:58 BST" time="0.000" errors="0">
  <testcase name="apiautomation" time="0.000" classname="learnselenium.restassuredapiTest"/>
  <system-out/>
  <testcase name="getresponse" time="0.000" classname="learnselenium.restassuredapiTest"/>
  <system-out/>
</testsuite> <!-- learnselenium.restassuredapiTest -->
